*** Starting uWSGI 2.0.15 (64bit) on [Thu Dec 21 10:44:48 2017] ***
compiled with version: 5.4.0 20160609 on 17 December 2017 14:37:53
os: Linux-4.4.0-62-generic #83-Ubuntu SMP Wed Jan 18 14:10:15 UTC 2017
nodename: iZ2zealv4rhkwnqibcg202Z
machine: x86_64
clock source: unix
pcre jit disabled
detected number of CPU cores: 1
current working directory: /home/workspace/bookstore/bookstore
writing pidfile to uwsgi.pid
detected binary path: /root/.virtualenvs/py3/bin/uwsgi
uWSGI running as root, you can use --uid/--gid/--chroot options
*** WARNING: you are running uWSGI as root !!! (use the --uid flag) *** 
chdir() to /home/workspace/bookstore/bookstore
your processes number limit is 3826
your memory page size is 4096 bytes
detected max file descriptor number: 65535
lock engine: pthread robust mutexes
thunder lock: disabled (you can enable it with --thunder-lock)
uwsgi socket 0 bound to TCP address 127.0.0.1:8001 fd 3
Python version: 3.5.2 (default, Nov 23 2017, 16:37:01)  [GCC 5.4.0 20160609]
Set PythonHome to /root/.virtualenvs/py3
Python main interpreter initialized at 0xa64710
python threads support enabled
your server socket listen backlog is limited to 100 connections
your mercy for graceful operations on workers is 60 seconds
mapped 145520 bytes (142 KB) for 1 cores
*** Operational MODE: single process ***
unable to load app 0 (mountpoint='') (callable not found or import error)
WSGI app 0 (mountpoint='') ready in 1 seconds on interpreter 0xa64710 pid: 5541 (default app)
*** uWSGI is running in multiple interpreter mode ***
spawned uWSGI master process (pid: 5541)
spawned uWSGI worker 1 (pid: 5543, cores: 1)
[pid: 5543|app: 0|req: 1/1] 121.69.81.166 () {44 vars in 833 bytes} [Thu Dec 21 02:45:07 2017] GET /users/register/ => generated 4337 bytes in 285 msecs (HTTP/1.1 200) 4 headers in 256 bytes (1 switches on core 0)
[pid: 5543|app: 0|req: 2/2] 121.69.81.166 () {44 vars in 782 bytes} [Thu Dec 21 02:45:08 2017] GET /cart/cart_count/ => generated 48 bytes in 1 msecs (HTTP/1.1 200) 3 headers in 94 bytes (1 switches on core 0)
b'{"username":"admin15","password":"admin123","email":"1274059909@qq.com"}'
debug0: admin15 admin123 1274059909@qq.com
debug1: admin15
[pid: 5543|app: 0|req: 3/3] 121.69.81.166 () {50 vars in 980 bytes} [Thu Dec 21 02:45:21 2017] POST /users/register_handler/ => generated 47 bytes in 9 msecs (HTTP/1.1 200) 2 headers in 80 bytes (1 switches on core 0)
b'{"username":"admin16","password":"admin123","email":"1274059909@qq.com"}'
debug0: admin16 admin123 1274059909@qq.com
debug1: None
debug2: admin16
debug3: b'eyJleHAiOjE1MTM4Mjc5MjYsImlhdCI6MTUxMzgyNDMyNiwiYWxnIjoiSFMyNTYifQ.eyJjb25maXJtIjozN30.G2rEMI6GpB_GYPu7D52G4TnBl-iQbqlAxKhhe7ygrro'
*** Starting uWSGI 2.0.15 (64bit) on [Thu Dec 21 10:47:02 2017] ***
compiled with version: 5.4.0 20160609 on 17 December 2017 14:37:53
os: Linux-4.4.0-62-generic #83-Ubuntu SMP Wed Jan 18 14:10:15 UTC 2017
nodename: iZ2zealv4rhkwnqibcg202Z
machine: x86_64
clock source: unix
pcre jit disabled
detected number of CPU cores: 1
current working directory: /home/workspace/bookstore/bookstore
writing pidfile to uwsgi.pid
detected binary path: /root/.virtualenvs/py3/bin/uwsgi
uWSGI running as root, you can use --uid/--gid/--chroot options
*** WARNING: you are running uWSGI as root !!! (use the --uid flag) *** 
chdir() to /home/workspace/bookstore/bookstore
your processes number limit is 3826
your memory page size is 4096 bytes
detected max file descriptor number: 65535
lock engine: pthread robust mutexes
thunder lock: disabled (you can enable it with --thunder-lock)
uwsgi socket 0 bound to TCP address 127.0.0.1:8001 fd 3
Python version: 3.5.2 (default, Nov 23 2017, 16:37:01)  [GCC 5.4.0 20160609]
Set PythonHome to /root/.virtualenvs/py3
Python main interpreter initialized at 0x10f4710
python threads support enabled
your server socket listen backlog is limited to 100 connections
your mercy for graceful operations on workers is 60 seconds
mapped 145520 bytes (142 KB) for 1 cores
*** Operational MODE: single process ***
unable to load app 0 (mountpoint='') (callable not found or import error)
WSGI app 0 (mountpoint='') ready in 1 seconds on interpreter 0x10f4710 pid: 5562 (default app)
*** uWSGI is running in multiple interpreter mode ***
spawned uWSGI master process (pid: 5562)
spawned uWSGI worker 1 (pid: 5564, cores: 1)
[pid: 5564|app: 0|req: 1/1] 121.69.81.166 () {44 vars in 833 bytes} [Thu Dec 21 02:47:08 2017] GET /users/register/ => generated 4337 bytes in 285 msecs (HTTP/1.1 200) 4 headers in 256 bytes (1 switches on core 0)
[pid: 5564|app: 0|req: 2/2] 121.69.81.166 () {44 vars in 782 bytes} [Thu Dec 21 02:47:09 2017] GET /cart/cart_count/ => generated 48 bytes in 1 msecs (HTTP/1.1 200) 3 headers in 94 bytes (1 switches on core 0)
b'{"username":"admin16","password":"admin123","email":"1274059909@qq.com"}'
debug0: admin16 admin123 1274059909@qq.com
debug1: admin16
[pid: 5564|app: 0|req: 3/3] 121.69.81.166 () {50 vars in 980 bytes} [Thu Dec 21 02:47:21 2017] POST /users/register_handler/ => generated 47 bytes in 9 msecs (HTTP/1.1 200) 2 headers in 80 bytes (1 switches on core 0)
b'{"username":"admin17","password":"admin123","email":"1274059909@qq.com"}'
debug0: admin17 admin123 1274059909@qq.com
debug1: None
debug2: admin17
debug3: b'eyJhbGciOiJIUzI1NiIsImV4cCI6MTUxMzgyODA0NiwiaWF0IjoxNTEzODI0NDQ2fQ.eyJjb25maXJtIjozOH0.x3scaH0Yc4l8yqlQ2LCPAb5dsyYUwz6vczjQK57b46M'
debug5: [Errno 110] Connection timed out
debug6: 111
[pid: 5564|app: 0|req: 4/4] 121.69.81.166 () {50 vars in 980 bytes} [Thu Dec 21 02:47:26 2017] POST /users/register_handler/ => generated 10 bytes in 1017941 msecs (HTTP/1.1 200) 2 headers in 80 bytes (1 switches on core 0)
[pid: 5564|app: 0|req: 5/5] 121.69.81.166 () {42 vars in 738 bytes} [Thu Dec 21 03:35:42 2017] GET /users/login/ => generated 4409 bytes in 4 msecs (HTTP/1.1 200) 4 headers in 256 bytes (1 switches on core 0)
[pid: 5564|app: 0|req: 6/6] 121.69.81.166 () {42 vars in 778 bytes} [Thu Dec 21 03:35:44 2017] GET /users/verifycode/ => generated 1480 bytes in 19 msecs (HTTP/1.1 200) 4 headers in 218 bytes (1 switches on core 0)
[pid: 5564|app: 0|req: 7/7] 121.69.81.166 () {44 vars in 823 bytes} [Thu Dec 21 03:35:44 2017] GET /cart/cart_count/ => generated 48 bytes in 1 msecs (HTTP/1.1 200) 3 headers in 94 bytes (1 switches on core 0)
Not Found: /users/books/index.html
[pid: 5564|app: 0|req: 8/8] 121.69.81.166 () {44 vars in 913 bytes} [Thu Dec 21 03:35:46 2017] GET /users/books/index.html => generated 4474 bytes in 6 msecs (HTTP/1.1 404) 2 headers in 80 bytes (1 switches on core 0)
Thu Dec 21 03:38:07 2017 - uWSGI worker 1 screams: UAAAAAAH my master disconnected: i will kill myself !!!
*** Starting uWSGI 2.0.15 (64bit) on [Thu Dec 21 11:38:30 2017] ***
compiled with version: 5.4.0 20160609 on 17 December 2017 14:37:53
os: Linux-4.4.0-62-generic #83-Ubuntu SMP Wed Jan 18 14:10:15 UTC 2017
nodename: iZ2zealv4rhkwnqibcg202Z
machine: x86_64
clock source: unix
pcre jit disabled
detected number of CPU cores: 1
current working directory: /home/workspace/bookstore/bookstore
writing pidfile to uwsgi.pid
detected binary path: /root/.virtualenvs/py3/bin/uwsgi
uWSGI running as root, you can use --uid/--gid/--chroot options
*** WARNING: you are running uWSGI as root !!! (use the --uid flag) *** 
chdir() to /home/workspace/bookstore/bookstore
your processes number limit is 3826
your memory page size is 4096 bytes
detected max file descriptor number: 65535
lock engine: pthread robust mutexes
thunder lock: disabled (you can enable it with --thunder-lock)
uwsgi socket 0 bound to TCP address 127.0.0.1:8001 fd 3
Python version: 3.5.2 (default, Nov 23 2017, 16:37:01)  [GCC 5.4.0 20160609]
Set PythonHome to /root/.virtualenvs/py3
Python main interpreter initialized at 0x1699710
python threads support enabled
your server socket listen backlog is limited to 100 connections
your mercy for graceful operations on workers is 60 seconds
mapped 145520 bytes (142 KB) for 1 cores
*** Operational MODE: single process ***
unable to load app 0 (mountpoint='') (callable not found or import error)
WSGI app 0 (mountpoint='') ready in 0 seconds on interpreter 0x1699710 pid: 5714 (default app)
*** uWSGI is running in multiple interpreter mode ***
spawned uWSGI master process (pid: 5714)
spawned uWSGI worker 1 (pid: 5716, cores: 1)
[pid: 5716|app: 0|req: 1/1] 121.69.81.166 () {42 vars in 840 bytes} [Thu Dec 21 03:38:44 2017] GET /users/login/ => generated 4409 bytes in 282 msecs (HTTP/1.1 200) 4 headers in 256 bytes (1 switches on core 0)
[pid: 5716|app: 0|req: 2/2] 121.69.81.166 () {42 vars in 822 bytes} [Thu Dec 21 03:38:44 2017] GET /users/verifycode/ => generated 1793 bytes in 18 msecs (HTTP/1.1 200) 4 headers in 218 bytes (1 switches on core 0)
[pid: 5716|app: 0|req: 3/3] 121.69.81.166 () {44 vars in 871 bytes} [Thu Dec 21 03:38:47 2017] GET /users/login/ => generated 4409 bytes in 3 msecs (HTTP/1.1 200) 4 headers in 256 bytes (1 switches on core 0)
[pid: 5716|app: 0|req: 4/4] 121.69.81.166 () {42 vars in 822 bytes} [Thu Dec 21 03:38:47 2017] GET /users/verifycode/ => generated 1428 bytes in 3 msecs (HTTP/1.1 200) 4 headers in 218 bytes (1 switches on core 0)
[pid: 5716|app: 0|req: 5/5] 121.69.81.166 () {44 vars in 823 bytes} [Thu Dec 21 03:38:47 2017] GET /cart/cart_count/ => generated 48 bytes in 1 msecs (HTTP/1.1 200) 3 headers in 94 bytes (1 switches on core 0)
Not Found: /users/books/index.html
[pid: 5716|app: 0|req: 6/6] 121.69.81.166 () {44 vars in 913 bytes} [Thu Dec 21 03:38:48 2017] GET /users/books/index.html => generated 4474 bytes in 9 msecs (HTTP/1.1 404) 2 headers in 80 bytes (1 switches on core 0)
Not Found: /books/index.html
[pid: 5716|app: 0|req: 7/7] 121.69.81.166 () {42 vars in 848 bytes} [Thu Dec 21 03:38:57 2017] GET /books/index.html => generated 3197 bytes in 6 msecs (HTTP/1.1 404) 2 headers in 80 bytes (1 switches on core 0)
[pid: 5716|app: 0|req: 8/8] 121.69.81.166 () {42 vars in 838 bytes} [Thu Dec 21 03:39:00 2017] GET /books/index => generated 0 bytes in 0 msecs (HTTP/1.1 301) 2 headers in 99 bytes (1 switches on core 0)
[pid: 5716|app: 0|req: 9/9] 121.69.81.166 () {42 vars in 840 bytes} [Thu Dec 21 03:39:00 2017] GET /books/index/ => generated 15769 bytes in 50 msecs (HTTP/1.1 200) 3 headers in 102 bytes (1 switches on core 0)
[pid: 5716|app: 0|req: 10/10] 121.69.81.166 () {44 vars in 823 bytes} [Thu Dec 21 03:39:02 2017] GET /cart/cart_count/ => generated 48 bytes in 1 msecs (HTTP/1.1 200) 3 headers in 94 bytes (1 switches on core 0)
[pid: 5716|app: 0|req: 11/11] 121.69.81.166 () {44 vars in 899 bytes} [Thu Dec 21 03:39:09 2017] GET /books/detail/4/ => generated 14303 bytes in 11 msecs (HTTP/1.1 200) 4 headers in 256 bytes (1 switches on core 0)
[pid: 5716|app: 0|req: 12/12] 121.69.81.166 () {44 vars in 826 bytes} [Thu Dec 21 03:39:10 2017] GET /cart/cart_count/ => generated 48 bytes in 1 msecs (HTTP/1.1 200) 3 headers in 94 bytes (1 switches on core 0)
[pid: 5716|app: 0|req: 13/13] 121.69.81.166 () {44 vars in 830 bytes} [Thu Dec 21 03:39:10 2017] GET /comments/comment/4 => generated 0 bytes in 0 msecs (HTTP/1.1 301) 2 headers in 106 bytes (1 switches on core 0)
[pid: 5716|app: 0|req: 14/14] 121.69.81.166 () {44 vars in 826 bytes} [Thu Dec 21 03:39:10 2017] GET /cart/cart_count/ => generated 48 bytes in 0 msecs (HTTP/1.1 200) 3 headers in 94 bytes (1 switches on core 0)
[pid: 5716|app: 0|req: 15/15] 121.69.81.166 () {44 vars in 832 bytes} [Thu Dec 21 03:39:11 2017] GET /comments/comment/4/ => generated 62 bytes in 4 msecs (HTTP/1.1 200) 2 headers in 80 bytes (1 switches on core 0)
